<?xml version="1.0" encoding="UTF-8"?>
<testsuite xmlns:xsi="http://www.w3.org/2001/XMLSchema-instance" xsi:noNamespaceSchemaLocation="https://maven.apache.org/surefire/maven-surefire-plugin/xsd/surefire-test-report.xsd" version="3.0.2" name="com.campuscafe.backend.integration.Phase7ControllerIntegrationTest" time="0.231" tests="11" errors="0" skipped="0" failures="0">
  <properties>
[...]
</properties>
  <testcase name="testGetNotifications_AsCashier_Success" classname="com.campuscafe.backend.integration.Phase7ControllerIntegrationTest" time="0.007">
    <system-out><![CDATA[2026-06-26T22:34:27.293+05:30  INFO 35159 --- [           main] t.c.s.AnnotationConfigContextLoaderUtils : Could not detect default configuration classes for test class [com.campuscafe.backend.integration.Phase7ControllerIntegrationTest]: Phase7ControllerIntegrationTest does not declare any static, non-private, non-final, nested classes annotated with @Configuration.
2026-06-26T22:34:27.296+05:30  INFO 35159 --- [           main] .b.t.c.SpringBootTestContextBootstrapper : Found @SpringBootConfiguration com.campuscafe.backend.CampusCafeApplication for test class com.campuscafe.backend.integration.Phase7ControllerIntegrationTest

  .   ____          _            __ _ _
 /\\ / ___'_ __ _ _(_)_ __  __ _ \ \ \ \
( ( )\___ | '_ | '_| | '_ \/ _` | \ \ \ \
 \\/  ___)| |_)| | | | | || (_| |  ) ) ) )
  '  |____| .__|_| |_|_| |_\__, | / / / /
 =========|_|==============|___/=/_/_/_/

 :: Spring Boot ::                (v3.4.1)

2026-06-26T22:34:27.306+05:30  INFO 35159 --- [           main] c.c.b.i.Phase7ControllerIntegrationTest  : Starting Phase7ControllerIntegrationTest using Java 17.0.12 with PID 35159 (started by aakashsrivastava in /Users/aakashsrivastava/Desktop/campus-cafe)
2026-06-26T22:34:27.306+05:30  INFO 35159 --- [           main] c.c.b.i.Phase7ControllerIntegrationTest  : No active profile set, falling back to 1 default profile: "default"
2026-06-26T22:34:27.426+05:30  INFO 35159 --- [           main] eAuthenticationProviderManagerConfigurer : Global AuthenticationManager configured with AuthenticationProvider bean with name authenticationProvider
2026-06-26T22:34:27.426+05:30  WARN 35159 --- [           main] r$InitializeUserDetailsManagerConfigurer : Global AuthenticationManager configured with an AuthenticationProvider bean. UserDetailsService beans will not be used by Spring Security for automatically configuring username/password login. Consider removing the AuthenticationProvider bean. Alternatively, consider using the UserDetailsService in a manually instantiated DaoAuthenticationProvider. If the current configuration is intentional, to turn off this warning, increase the logging level of 'org.springframework.security.config.annotation.authentication.configuration.InitializeUserDetailsBeanManagerConfigurer' to ERROR
2026-06-26T22:34:27.474+05:30  INFO 35159 --- [           main] o.s.b.t.m.w.SpringBootMockServletContext : Initializing Spring TestDispatcherServlet ''
2026-06-26T22:34:27.474+05:30  INFO 35159 --- [           main] o.s.t.web.servlet.TestDispatcherServlet  : Initializing Servlet ''
2026-06-26T22:34:27.474+05:30  INFO 35159 --- [           main] o.s.t.web.servlet.TestDispatcherServlet  : Completed initialization in 0 ms
2026-06-26T22:34:27.477+05:30  INFO 35159 --- [           main] c.c.b.i.Phase7ControllerIntegrationTest  : Started Phase7ControllerIntegrationTest in 0.18 seconds (process running for 5.625)
]]></system-out>
  </testcase>
  <testcase name="testGetSettings_AsCashier_Success" classname="com.campuscafe.backend.integration.Phase7ControllerIntegrationTest" time="0.003"/>
  <testcase name="testUpdateDiscount_AsManager_Success" classname="com.campuscafe.backend.integration.Phase7ControllerIntegrationTest" time="0.007"/>
  <testcase name="testMarkAsRead_AsCashier_Success" classname="com.campuscafe.backend.integration.Phase7ControllerIntegrationTest" time="0.002"/>
  <testcase name="testDeleteNotification_AsGuest_Forbidden" classname="com.campuscafe.backend.integration.Phase7ControllerIntegrationTest" time="0.002"/>
  <testcase name="testCreateDiscount_AsCashier_Forbidden" classname="com.campuscafe.backend.integration.Phase7ControllerIntegrationTest" time="0.004"/>
  <testcase name="testGetDiscounts_AsCashier_Success" classname="com.campuscafe.backend.integration.Phase7ControllerIntegrationTest" time="0.002"/>
  <testcase name="testUpdateSettings_AsCashier_Forbidden" classname="com.campuscafe.backend.integration.Phase7ControllerIntegrationTest" time="0.008"/>
  <testcase name="testUpdateSettings_AsManager_Success" classname="com.campuscafe.backend.integration.Phase7ControllerIntegrationTest" time="0.002"/>
  <testcase name="testCreateDiscount_AsManager_Success" classname="com.campuscafe.backend.integration.Phase7ControllerIntegrationTest" time="0.002"/>
  <testcase name="testGetUnreadCount_AsCashier_Success" classname="com.campuscafe.backend.integration.Phase7ControllerIntegrationTest" time="0.002"/>
</testsuite>