<?xml version="1.0" encoding="UTF-8"?>
<testsuite xmlns:xsi="http://www.w3.org/2001/XMLSchema-instance" xsi:noNamespaceSchemaLocation="https://maven.apache.org/surefire/maven-surefire-plugin/xsd/surefire-test-report.xsd" version="3.0.2" name="com.campuscafe.backend.integration.AuthServiceEmailIntegrationTest" time="2.476" tests="2" errors="0" skipped="0" failures="0">
  <properties>
[...]
</properties>
  <testcase name="testForgotPasswordRollbackOnEmailFailure" classname="com.campuscafe.backend.integration.AuthServiceEmailIntegrationTest" time="0.112">
    <system-out><![CDATA[2026-06-26T17:13:09.976+05:30  INFO 72249 --- [           main] t.c.s.AnnotationConfigContextLoaderUtils : Could not detect default configuration classes for test class [com.campuscafe.backend.integration.AuthServiceEmailIntegrationTest]: AuthServiceEmailIntegrationTest does not declare any static, non-private, non-final, nested classes annotated with @Configuration.
2026-06-26T17:13:09.977+05:30  INFO 72249 --- [           main] .b.t.c.SpringBootTestContextBootstrapper : Found @SpringBootConfiguration com.campuscafe.backend.CampusCafeApplication for test class com.campuscafe.backend.integration.AuthServiceEmailIntegrationTest

  .   ____          _            __ _ _
 /\\ / ___'_ __ _ _(_)_ __  __ _ \ \ \ \
( ( )\___ | '_ | '_| | '_ \/ _` | \ \ \ \
 \\/  ___)| |_)| | | | | || (_| |  ) ) ) )
  '  |____| .__|_| |_|_| |_\__, | / / / /
 =========|_|==============|___/=/_/_/_/

 :: Spring Boot ::                (v3.4.1)

2026-06-26T17:13:09.987+05:30  INFO 72249 --- [           main] c.c.b.i.AuthServiceEmailIntegrationTest  : Starting AuthServiceEmailIntegrationTest using Java 17.0.12 with PID 72249 (started by aakashsrivastava in /Users/aakashsrivastava/Desktop/campus-cafe)
2026-06-26T17:13:09.987+05:30  INFO 72249 --- [           main] c.c.b.i.AuthServiceEmailIntegrationTest  : No active profile set, falling back to 1 default profile: "default"
2026-06-26T17:13:10.156+05:30  INFO 72249 --- [           main] .s.d.r.c.RepositoryConfigurationDelegate : Bootstrapping Spring Data JPA repositories in DEFAULT mode.
2026-06-26T17:13:10.188+05:30  INFO 72249 --- [           main] .s.d.r.c.RepositoryConfigurationDelegate : Finished Spring Data repository scanning in 27 ms. Found 22 JPA repository interfaces.
2026-06-26T17:13:10.376+05:30  INFO 72249 --- [           main] com.zaxxer.hikari.HikariDataSource       : HikariPool-1 - Starting...
2026-06-26T17:13:10.423+05:30  INFO 72249 --- [           main] com.zaxxer.hikari.pool.HikariPool        : HikariPool-1 - Added connection org.postgresql.jdbc.PgConnection@35e4cf0c
2026-06-26T17:13:10.423+05:30  INFO 72249 --- [           main] com.zaxxer.hikari.HikariDataSource       : HikariPool-1 - Start completed.
2026-06-26T17:13:10.433+05:30  INFO 72249 --- [           main] org.flywaydb.core.FlywayExecutor         : Database: jdbc:postgresql://localhost:5432/campus_cafe (PostgreSQL 18.3)
2026-06-26T17:13:10.440+05:30  WARN 72249 --- [           main] o.f.c.internal.database.base.Database    : Flyway upgrade recommended: PostgreSQL 18.3 is newer than this version of Flyway and support has not been tested. The latest supported version of PostgreSQL is 17.
2026-06-26T17:13:10.459+05:30  INFO 72249 --- [           main] o.f.core.internal.command.DbValidate     : Successfully validated 18 migrations (execution time 00:00.014s)
2026-06-26T17:13:10.470+05:30  INFO 72249 --- [           main] o.f.core.internal.command.DbMigrate      : Current version of schema "public": 18
2026-06-26T17:13:10.471+05:30  INFO 72249 --- [           main] o.f.core.internal.command.DbMigrate      : Schema "public" is up to date. No migration necessary.
2026-06-26T17:13:10.511+05:30  INFO 72249 --- [           main] o.hibernate.jpa.internal.util.LogHelper  : HHH000204: Processing PersistenceUnitInfo [name: default]
2026-06-26T17:13:10.539+05:30  INFO 72249 --- [           main] org.hibernate.Version                    : HHH000412: Hibernate ORM core version 6.6.4.Final
2026-06-26T17:13:10.551+05:30  INFO 72249 --- [           main] o.h.c.internal.RegionFactoryInitiator    : HHH000026: Second-level cache disabled
2026-06-26T17:13:10.595+05:30  INFO 72249 --- [           main] o.s.o.j.p.SpringPersistenceUnitInfo      : No LoadTimeWeaver setup: ignoring JPA class transformer
2026-06-26T17:13:10.619+05:30  WARN 72249 --- [           main] org.hibernate.orm.deprecation            : HHH90000025: PostgreSQLDialect does not need to be specified explicitly using 'hibernate.dialect' (remove the property setting and it will be selected by default)
2026-06-26T17:13:10.624+05:30  INFO 72249 --- [           main] org.hibernate.orm.connections.pooling    : HHH10001005: Database info:
	Database JDBC URL [Connecting through datasource 'HikariDataSource (HikariPool-1)']
	Database driver: undefined/unknown
	Database version: 18.3
	Autocommit mode: undefined/unknown
	Isolation level: undefined/unknown
	Minimum pool size: undefined/unknown
	Maximum pool size: undefined/unknown
2026-06-26T17:13:11.077+05:30  INFO 72249 --- [           main] o.h.e.t.j.p.i.JtaPlatformInitiator       : HHH000489: No JTA platform available (set 'hibernate.transaction.jta.platform' to enable JTA platform integration)
2026-06-26T17:13:11.105+05:30  INFO 72249 --- [           main] j.LocalContainerEntityManagerFactoryBean : Initialized JPA EntityManagerFactory for persistence unit 'default'
2026-06-26T17:13:11.286+05:30  INFO 72249 --- [           main] o.s.d.j.r.query.QueryEnhancerFactory     : Hibernate is in classpath; If applicable, HQL parser will be used.
2026-06-26T17:13:12.019+05:30  INFO 72249 --- [           main] c.c.b.mail.config.MailConfiguration      : [SMTP CONFIG] Host: smtp.sendgrid.net, Port: 587, Username: mock-username, Password Length: 13
2026-06-26T17:13:12.060+05:30  WARN 72249 --- [           main] JpaBaseConfiguration$JpaWebConfiguration : spring.jpa.open-in-view is enabled by default. Therefore, database queries may be performed during view rendering. Explicitly configure spring.jpa.open-in-view to disable this warning
2026-06-26T17:13:12.065+05:30  INFO 72249 --- [           main] eAuthenticationProviderManagerConfigurer : Global AuthenticationManager configured with AuthenticationProvider bean with name authenticationProvider
2026-06-26T17:13:12.066+05:30  WARN 72249 --- [           main] r$InitializeUserDetailsManagerConfigurer : Global AuthenticationManager configured with an AuthenticationProvider bean. UserDetailsService beans will not be used by Spring Security for automatically configuring username/password login. Consider removing the AuthenticationProvider bean. Alternatively, consider using the UserDetailsService in a manually instantiated DaoAuthenticationProvider. If the current configuration is intentional, to turn off this warning, increase the logging level of 'org.springframework.security.config.annotation.authentication.configuration.InitializeUserDetailsBeanManagerConfigurer' to ERROR
2026-06-26T17:13:12.250+05:30  INFO 72249 --- [           main] c.c.b.i.AuthServiceEmailIntegrationTest  : Started AuthServiceEmailIntegrationTest in 2.271 seconds (process running for 5.403)
Hibernate: 
    select
        vt1_0.id,
        vt1_0.created_at,
        vt1_0.email,
        vt1_0.expires_at,
        vt1_0.otp,
        vt1_0.purpose,
        vt1_0.verified 
    from
        verification_tokens vt1_0
Hibernate: 
    select
        u1_0.id,
        u1_0.active,
        u1_0.created_at,
        u1_0.email,
        u1_0.merchant_id,
        u1_0.name,
        u1_0.password,
        u1_0.phone,
        u1_0.role_id,
        u1_0.updated_at 
    from
        users u1_0 
    where
        u1_0.email=?
Hibernate: 
    select
        u1_0.id,
        u1_0.active,
        u1_0.created_at,
        u1_0.email,
        u1_0.merchant_id,
        u1_0.name,
        u1_0.password,
        u1_0.phone,
        u1_0.role_id,
        u1_0.updated_at 
    from
        users u1_0 
    where
        u1_0.email=?
Hibernate: 
    select
        m1_0.id,
        m1_0.active,
        m1_0.address,
        m1_0.cafe_name,
        m1_0.city,
        m1_0.created_at,
        m1_0.email,
        m1_0.phone,
        m1_0.pincode,
        m1_0.updated_at,
        m1_0.verified 
    from
        merchants m1_0 
    where
        m1_0.email=?
Hibernate: 
    select
        m1_0.id,
        m1_0.active,
        m1_0.address,
        m1_0.cafe_name,
        m1_0.city,
        m1_0.created_at,
        m1_0.email,
        m1_0.phone,
        m1_0.pincode,
        m1_0.updated_at,
        m1_0.verified 
    from
        merchants m1_0 
    where
        m1_0.email=?
Hibernate: 
    insert 
    into
        merchants
        (active, address, cafe_name, city, created_at, email, phone, pincode, updated_at, verified) 
    values
        (?, ?, ?, ?, ?, ?, ?, ?, ?, ?)
Hibernate: 
    select
        r1_0.id,
        r1_0.name 
    from
        roles r1_0 
    where
        r1_0.name=?
Hibernate: 
    insert 
    into
        users
        (active, created_at, email, merchant_id, name, password, phone, role_id, updated_at) 
    values
        (?, ?, ?, ?, ?, ?, ?, ?, ?)
Hibernate: 
    select
        u1_0.id 
    from
        users u1_0 
    where
        u1_0.email=? 
    fetch
        first ? rows only
Hibernate: 
    insert 
    into
        verification_tokens
        (created_at, email, expires_at, otp, purpose, verified) 
    values
        (?, ?, ?, ?, ?, ?)
Hibernate: 
    select
        vt1_0.id,
        vt1_0.created_at,
        vt1_0.email,
        vt1_0.expires_at,
        vt1_0.otp,
        vt1_0.purpose,
        vt1_0.verified 
    from
        verification_tokens vt1_0 
    where
        vt1_0.email=? 
        and vt1_0.otp=? 
        and vt1_0.purpose=?
Hibernate: 
    select
        vt1_0.id,
        vt1_0.created_at,
        vt1_0.email,
        vt1_0.expires_at,
        vt1_0.otp,
        vt1_0.purpose,
        vt1_0.verified 
    from
        verification_tokens vt1_0
Hibernate: 
    select
        u1_0.id,
        u1_0.active,
        u1_0.created_at,
        u1_0.email,
        u1_0.merchant_id,
        u1_0.name,
        u1_0.password,
        u1_0.phone,
        u1_0.role_id,
        u1_0.updated_at 
    from
        users u1_0 
    where
        u1_0.email=?
Hibernate: 
    select
        u1_0.id,
        u1_0.active,
        u1_0.created_at,
        u1_0.email,
        u1_0.merchant_id,
        u1_0.name,
        u1_0.password,
        u1_0.phone,
        u1_0.role_id,
        u1_0.updated_at 
    from
        users u1_0 
    where
        u1_0.email=?
Hibernate: 
    select
        u1_0.id,
        u1_0.active,
        u1_0.created_at,
        u1_0.email,
        u1_0.merchant_id,
        u1_0.name,
        u1_0.password,
        u1_0.phone,
        u1_0.role_id,
        u1_0.updated_at 
    from
        users u1_0 
    where
        u1_0.id=?
Hibernate: 
    delete 
    from
        users 
    where
        id=?
Hibernate: 
    select
        m1_0.id,
        m1_0.active,
        m1_0.address,
        m1_0.cafe_name,
        m1_0.city,
        m1_0.created_at,
        m1_0.email,
        m1_0.phone,
        m1_0.pincode,
        m1_0.updated_at,
        m1_0.verified 
    from
        merchants m1_0 
    where
        m1_0.email=?
Hibernate: 
    select
        m1_0.id,
        m1_0.active,
        m1_0.address,
        m1_0.cafe_name,
        m1_0.city,
        m1_0.created_at,
        m1_0.email,
        m1_0.phone,
        m1_0.pincode,
        m1_0.updated_at,
        m1_0.verified 
    from
        merchants m1_0 
    where
        m1_0.email=?
Hibernate: 
    select
        m1_0.id,
        m1_0.active,
        m1_0.address,
        m1_0.cafe_name,
        m1_0.city,
        m1_0.created_at,
        m1_0.email,
        m1_0.phone,
        m1_0.pincode,
        m1_0.updated_at,
        m1_0.verified 
    from
        merchants m1_0 
    where
        m1_0.id=?
Hibernate: 
    delete 
    from
        merchants 
    where
        id=?
]]></system-out>
  </testcase>
  <testcase name="testSignupRollbackOnEmailFailure" classname="com.campuscafe.backend.integration.AuthServiceEmailIntegrationTest" time="0.086">
    <system-out><![CDATA[Hibernate: 
    select
        vt1_0.id,
        vt1_0.created_at,
        vt1_0.email,
        vt1_0.expires_at,
        vt1_0.otp,
        vt1_0.purpose,
        vt1_0.verified 
    from
        verification_tokens vt1_0
Hibernate: 
    select
        u1_0.id,
        u1_0.active,
        u1_0.created_at,
        u1_0.email,
        u1_0.merchant_id,
        u1_0.name,
        u1_0.password,
        u1_0.phone,
        u1_0.role_id,
        u1_0.updated_at 
    from
        users u1_0 
    where
        u1_0.email=?
Hibernate: 
    select
        u1_0.id,
        u1_0.active,
        u1_0.created_at,
        u1_0.email,
        u1_0.merchant_id,
        u1_0.name,
        u1_0.password,
        u1_0.phone,
        u1_0.role_id,
        u1_0.updated_at 
    from
        users u1_0 
    where
        u1_0.email=?
Hibernate: 
    select
        m1_0.id,
        m1_0.active,
        m1_0.address,
        m1_0.cafe_name,
        m1_0.city,
        m1_0.created_at,
        m1_0.email,
        m1_0.phone,
        m1_0.pincode,
        m1_0.updated_at,
        m1_0.verified 
    from
        merchants m1_0 
    where
        m1_0.email=?
Hibernate: 
    select
        m1_0.id,
        m1_0.active,
        m1_0.address,
        m1_0.cafe_name,
        m1_0.city,
        m1_0.created_at,
        m1_0.email,
        m1_0.phone,
        m1_0.pincode,
        m1_0.updated_at,
        m1_0.verified 
    from
        merchants m1_0 
    where
        m1_0.email=?
Hibernate: 
    select
        u1_0.id 
    from
        users u1_0 
    where
        u1_0.email=? 
    fetch
        first ? rows only
Hibernate: 
    insert 
    into
        merchants
        (active, address, cafe_name, city, created_at, email, phone, pincode, updated_at, verified) 
    values
        (?, ?, ?, ?, ?, ?, ?, ?, ?, ?)
Hibernate: 
    select
        r1_0.id,
        r1_0.name 
    from
        roles r1_0 
    where
        r1_0.name=?
Hibernate: 
    insert 
    into
        users
        (active, created_at, email, merchant_id, name, password, phone, role_id, updated_at) 
    values
        (?, ?, ?, ?, ?, ?, ?, ?, ?)
Hibernate: 
    insert 
    into
        verification_tokens
        (created_at, email, expires_at, otp, purpose, verified) 
    values
        (?, ?, ?, ?, ?, ?)
Hibernate: 
    select
        u1_0.id 
    from
        users u1_0 
    where
        u1_0.email=? 
    fetch
        first ? rows only
Hibernate: 
    select
        m1_0.id,
        m1_0.active,
        m1_0.address,
        m1_0.cafe_name,
        m1_0.city,
        m1_0.created_at,
        m1_0.email,
        m1_0.phone,
        m1_0.pincode,
        m1_0.updated_at,
        m1_0.verified 
    from
        merchants m1_0 
    where
        m1_0.email=?
Hibernate: 
    select
        vt1_0.id,
        vt1_0.created_at,
        vt1_0.email,
        vt1_0.expires_at,
        vt1_0.otp,
        vt1_0.purpose,
        vt1_0.verified 
    from
        verification_tokens vt1_0 
    where
        vt1_0.email=? 
        and vt1_0.otp=? 
        and vt1_0.purpose=?
Hibernate: 
    select
        vt1_0.id,
        vt1_0.created_at,
        vt1_0.email,
        vt1_0.expires_at,
        vt1_0.otp,
        vt1_0.purpose,
        vt1_0.verified 
    from
        verification_tokens vt1_0
Hibernate: 
    select
        u1_0.id,
        u1_0.active,
        u1_0.created_at,
        u1_0.email,
        u1_0.merchant_id,
        u1_0.name,
        u1_0.password,
        u1_0.phone,
        u1_0.role_id,
        u1_0.updated_at 
    from
        users u1_0 
    where
        u1_0.email=?
Hibernate: 
    select
        u1_0.id,
        u1_0.active,
        u1_0.created_at,
        u1_0.email,
        u1_0.merchant_id,
        u1_0.name,
        u1_0.password,
        u1_0.phone,
        u1_0.role_id,
        u1_0.updated_at 
    from
        users u1_0 
    where
        u1_0.email=?
Hibernate: 
    select
        m1_0.id,
        m1_0.active,
        m1_0.address,
        m1_0.cafe_name,
        m1_0.city,
        m1_0.created_at,
        m1_0.email,
        m1_0.phone,
        m1_0.pincode,
        m1_0.updated_at,
        m1_0.verified 
    from
        merchants m1_0 
    where
        m1_0.email=?
Hibernate: 
    select
        m1_0.id,
        m1_0.active,
        m1_0.address,
        m1_0.cafe_name,
        m1_0.city,
        m1_0.created_at,
        m1_0.email,
        m1_0.phone,
        m1_0.pincode,
        m1_0.updated_at,
        m1_0.verified 
    from
        merchants m1_0 
    where
        m1_0.email=?
]]></system-out>
  </testcase>
</testsuite>